#! /usr/bin/vvp
:ivl_version "11.0 (stable)";
:ivl_delay_selection "TYPICAL";
:vpi_time_precision + 0;
:vpi_module "/usr/lib/x86_64-linux-gnu/ivl/system.vpi";
:vpi_module "/usr/lib/x86_64-linux-gnu/ivl/vhdl_sys.vpi";
:vpi_module "/usr/lib/x86_64-linux-gnu/ivl/vhdl_textio.vpi";
:vpi_module "/usr/lib/x86_64-linux-gnu/ivl/v2005_math.vpi";
:vpi_module "/usr/lib/x86_64-linux-gnu/ivl/va_math.vpi";
S_0x587895dca5a0 .scope module, "wb" "wb" 2 29;
 .timescale 0 0;
v0x587895de22d0_0 .net "a", 0 0, v0x587895de1d60_0;  1 drivers
v0x587895de23c0_0 .net "b", 0 0, v0x587895de1e00_0;  1 drivers
v0x587895de24d0_0 .net "c", 0 0, v0x587895de1ea0_0;  1 drivers
v0x587895de25c0_0 .net "d", 0 0, v0x587895de1f70_0;  1 drivers
v0x587895de26b0_0 .net "e", 0 0, L_0x587895de31c0;  1 drivers
v0x587895de27f0_0 .net "s1", 0 0, v0x587895de2130_0;  1 drivers
v0x587895de28e0_0 .net "s2", 0 0, v0x587895de2200_0;  1 drivers
S_0x587895dca730 .scope module, "dut" "mux1b4to1" 2 31, 2 1 0, S_0x587895dca5a0;
 .timescale 0 0;
    .port_info 0 /INPUT 1 "a";
    .port_info 1 /INPUT 1 "b";
    .port_info 2 /INPUT 1 "c";
    .port_info 3 /INPUT 1 "d";
    .port_info 4 /INPUT 1 "s1";
    .port_info 5 /INPUT 1 "s2";
    .port_info 6 /OUTPUT 1 "e";
L_0x587895de29d0 .functor NOT 1, v0x587895de2130_0, C4<0>, C4<0>, C4<0>;
L_0x587895de2a40 .functor NOT 1, v0x587895de2200_0, C4<0>, C4<0>, C4<0>;
L_0x587895de2ab0 .functor AND 1, L_0x587895de29d0, L_0x587895de2a40, C4<1>, C4<1>;
L_0x587895de2bc0 .functor AND 1, L_0x587895de2ab0, v0x587895de1d60_0, C4<1>, C4<1>;
L_0x587895de2cb0 .functor NOT 1, v0x587895de2130_0, C4<0>, C4<0>, C4<0>;
L_0x587895de2d20 .functor AND 1, L_0x587895de2cb0, v0x587895de2200_0, C4<1>, C4<1>;
L_0x587895de2dd0 .functor AND 1, L_0x587895de2d20, v0x587895de1e00_0, C4<1>, C4<1>;
L_0x587895de2e40 .functor NOT 1, v0x587895de2200_0, C4<0>, C4<0>, C4<0>;
L_0x587895de2f00 .functor AND 1, v0x587895de2130_0, L_0x587895de2e40, C4<1>, C4<1>;
L_0x587895de2fc0 .functor AND 1, L_0x587895de2f00, v0x587895de1ea0_0, C4<1>, C4<1>;
L_0x587895de30e0 .functor AND 1, v0x587895de2130_0, v0x587895de2200_0, C4<1>, C4<1>;
L_0x587895de3150 .functor AND 1, L_0x587895de30e0, v0x587895de1f70_0, C4<1>, C4<1>;
L_0x587895de3230 .functor OR 1, L_0x587895de2bc0, L_0x587895de2dd0, C4<0>, C4<0>;
L_0x587895de3340 .functor OR 1, L_0x587895de3230, L_0x587895de2fc0, C4<0>, C4<0>;
L_0x587895de31c0 .functor OR 1, L_0x587895de3340, L_0x587895de3150, C4<0>, C4<0>;
v0x587895dcafe0_0 .net *"_ivl_0", 0 0, L_0x587895de29d0;  1 drivers
v0x587895de09d0_0 .net *"_ivl_10", 0 0, L_0x587895de2d20;  1 drivers
v0x587895de0ab0_0 .net *"_ivl_14", 0 0, L_0x587895de2e40;  1 drivers
v0x587895de0b70_0 .net *"_ivl_16", 0 0, L_0x587895de2f00;  1 drivers
v0x587895de0c50_0 .net *"_ivl_2", 0 0, L_0x587895de2a40;  1 drivers
v0x587895de0d80_0 .net *"_ivl_20", 0 0, L_0x587895de30e0;  1 drivers
v0x587895de0e60_0 .net *"_ivl_24", 0 0, L_0x587895de3230;  1 drivers
v0x587895de0f40_0 .net *"_ivl_26", 0 0, L_0x587895de3340;  1 drivers
v0x587895de1020_0 .net *"_ivl_4", 0 0, L_0x587895de2ab0;  1 drivers
v0x587895de1100_0 .net *"_ivl_8", 0 0, L_0x587895de2cb0;  1 drivers
v0x587895de11e0_0 .net "a", 0 0, v0x587895de1d60_0;  alias, 1 drivers
v0x587895de12a0_0 .net "b", 0 0, v0x587895de1e00_0;  alias, 1 drivers
v0x587895de1360_0 .net "c", 0 0, v0x587895de1ea0_0;  alias, 1 drivers
v0x587895de1420_0 .net "d", 0 0, v0x587895de1f70_0;  alias, 1 drivers
v0x587895de14e0_0 .net "e", 0 0, L_0x587895de31c0;  alias, 1 drivers
v0x587895de15a0_0 .net "p", 0 0, L_0x587895de2bc0;  1 drivers
v0x587895de1660_0 .net "q", 0 0, L_0x587895de2dd0;  1 drivers
v0x587895de1720_0 .net "r", 0 0, L_0x587895de2fc0;  1 drivers
v0x587895de17e0_0 .net "s", 0 0, L_0x587895de3150;  1 drivers
v0x587895de18a0_0 .net "s1", 0 0, v0x587895de2130_0;  alias, 1 drivers
v0x587895de1960_0 .net "s2", 0 0, v0x587895de2200_0;  alias, 1 drivers
S_0x587895de1b00 .scope module, "tb" "tb_mux1b4to1" 2 32, 2 14 0, S_0x587895dca5a0;
 .timescale 0 0;
    .port_info 0 /OUTPUT 1 "a";
    .port_info 1 /OUTPUT 1 "b";
    .port_info 2 /OUTPUT 1 "c";
    .port_info 3 /OUTPUT 1 "d";
    .port_info 4 /OUTPUT 1 "s1";
    .port_info 5 /OUTPUT 1 "s2";
    .port_info 6 /INPUT 1 "e";
v0x587895de1d60_0 .var "a", 0 0;
v0x587895de1e00_0 .var "b", 0 0;
v0x587895de1ea0_0 .var "c", 0 0;
v0x587895de1f70_0 .var "d", 0 0;
v0x587895de2040_0 .net "e", 0 0, L_0x587895de31c0;  alias, 1 drivers
v0x587895de2130_0 .var "s1", 0 0;
v0x587895de2200_0 .var "s2", 0 0;
    .scope S_0x587895de1b00;
T_0 ;
    %vpi_call 2 20 "$monitor", $time, " ", " ", "a=%b b=%b c=%b d=%b s1=%b s2=%b e=%b", v0x587895de1d60_0, v0x587895de1e00_0, v0x587895de1ea0_0, v0x587895de1f70_0, v0x587895de2130_0, v0x587895de2200_0, v0x587895de2040_0 {0 0 0};
    %pushi/vec4 0, 0, 1;
    %store/vec4 v0x587895de1d60_0, 0, 1;
    %pushi/vec4 1, 0, 1;
    %store/vec4 v0x587895de1e00_0, 0, 1;
    %pushi/vec4 0, 0, 1;
    %store/vec4 v0x587895de1ea0_0, 0, 1;
    %pushi/vec4 1, 0, 1;
    %store/vec4 v0x587895de1f70_0, 0, 1;
    %pushi/vec4 0, 0, 1;
    %store/vec4 v0x587895de2130_0, 0, 1;
    %pushi/vec4 0, 0, 1;
    %store/vec4 v0x587895de2200_0, 0, 1;
    %delay 5, 0;
    %pushi/vec4 0, 0, 1;
    %store/vec4 v0x587895de2130_0, 0, 1;
    %pushi/vec4 1, 0, 1;
    %store/vec4 v0x587895de2200_0, 0, 1;
    %delay 5, 0;
    %pushi/vec4 1, 0, 1;
    %store/vec4 v0x587895de2130_0, 0, 1;
    %pushi/vec4 0, 0, 1;
    %store/vec4 v0x587895de2200_0, 0, 1;
    %delay 5, 0;
    %pushi/vec4 1, 0, 1;
    %store/vec4 v0x587895de2130_0, 0, 1;
    %pushi/vec4 1, 0, 1;
    %store/vec4 v0x587895de2200_0, 0, 1;
    %delay 5, 0;
    %vpi_call 2 25 "$finish" {0 0 0};
    %end;
    .thread T_0;
# The file index is used to find the file name in the following table.
:file_names 3;
    "N/A";
    "<interactive>";
    "mux.v";
