#! /usr/bin/vvp
:ivl_version "11.0 (stable)";
:ivl_delay_selection "TYPICAL";
:vpi_time_precision + 0;
:vpi_module "/usr/lib/x86_64-linux-gnu/ivl/system.vpi";
:vpi_module "/usr/lib/x86_64-linux-gnu/ivl/vhdl_sys.vpi";
:vpi_module "/usr/lib/x86_64-linux-gnu/ivl/vhdl_textio.vpi";
:vpi_module "/usr/lib/x86_64-linux-gnu/ivl/v2005_math.vpi";
:vpi_module "/usr/lib/x86_64-linux-gnu/ivl/va_math.vpi";
S_0x5e383f3915a0 .scope module, "wb" "wb" 2 29;
 .timescale 0 0;
v0x5e383f3a92d0_0 .net "a", 0 0, v0x5e383f3a8d60_0;  1 drivers
v0x5e383f3a93c0_0 .net "b", 0 0, v0x5e383f3a8e00_0;  1 drivers
v0x5e383f3a94d0_0 .net "c", 0 0, v0x5e383f3a8ea0_0;  1 drivers
v0x5e383f3a95c0_0 .net "d", 0 0, v0x5e383f3a8f70_0;  1 drivers
v0x5e383f3a96b0_0 .net "e", 0 0, L_0x5e383f3aa1c0;  1 drivers
v0x5e383f3a97f0_0 .net "s1", 0 0, v0x5e383f3a9130_0;  1 drivers
v0x5e383f3a98e0_0 .net "s2", 0 0, v0x5e383f3a9200_0;  1 drivers
S_0x5e383f391730 .scope module, "dut" "mux1b4to1" 2 31, 2 1 0, S_0x5e383f3915a0;
 .timescale 0 0;
    .port_info 0 /INPUT 1 "a";
    .port_info 1 /INPUT 1 "b";
    .port_info 2 /INPUT 1 "c";
    .port_info 3 /INPUT 1 "d";
    .port_info 4 /INPUT 1 "s1";
    .port_info 5 /INPUT 1 "s2";
    .port_info 6 /OUTPUT 1 "e";
L_0x5e383f3a99d0 .functor NOT 1, v0x5e383f3a9130_0, C4<0>, C4<0>, C4<0>;
L_0x5e383f3a9a40 .functor NOT 1, v0x5e383f3a9200_0, C4<0>, C4<0>, C4<0>;
L_0x5e383f3a9ab0 .functor AND 1, L_0x5e383f3a99d0, L_0x5e383f3a9a40, C4<1>, C4<1>;
L_0x5e383f3a9bc0 .functor AND 1, L_0x5e383f3a9ab0, v0x5e383f3a8d60_0, C4<1>, C4<1>;
L_0x5e383f3a9cb0 .functor NOT 1, v0x5e383f3a9130_0, C4<0>, C4<0>, C4<0>;
L_0x5e383f3a9d20 .functor AND 1, L_0x5e383f3a9cb0, v0x5e383f3a9200_0, C4<1>, C4<1>;
L_0x5e383f3a9dd0 .functor AND 1, L_0x5e383f3a9d20, v0x5e383f3a8e00_0, C4<1>, C4<1>;
L_0x5e383f3a9e40 .functor NOT 1, v0x5e383f3a9200_0, C4<0>, C4<0>, C4<0>;
L_0x5e383f3a9f00 .functor AND 1, v0x5e383f3a9130_0, L_0x5e383f3a9e40, C4<1>, C4<1>;
L_0x5e383f3a9fc0 .functor AND 1, L_0x5e383f3a9f00, v0x5e383f3a8ea0_0, C4<1>, C4<1>;
L_0x5e383f3aa0e0 .functor AND 1, v0x5e383f3a9130_0, v0x5e383f3a9200_0, C4<1>, C4<1>;
L_0x5e383f3aa150 .functor AND 1, L_0x5e383f3aa0e0, v0x5e383f3a8f70_0, C4<1>, C4<1>;
L_0x5e383f3aa230 .functor OR 1, L_0x5e383f3a9bc0, L_0x5e383f3a9dd0, C4<0>, C4<0>;
L_0x5e383f3aa340 .functor OR 1, L_0x5e383f3aa230, L_0x5e383f3a9fc0, C4<0>, C4<0>;
L_0x5e383f3aa1c0 .functor OR 1, L_0x5e383f3aa340, L_0x5e383f3aa150, C4<0>, C4<0>;
v0x5e383f391fe0_0 .net *"_ivl_0", 0 0, L_0x5e383f3a99d0;  1 drivers
v0x5e383f3a79d0_0 .net *"_ivl_10", 0 0, L_0x5e383f3a9d20;  1 drivers
v0x5e383f3a7ab0_0 .net *"_ivl_14", 0 0, L_0x5e383f3a9e40;  1 drivers
v0x5e383f3a7b70_0 .net *"_ivl_16", 0 0, L_0x5e383f3a9f00;  1 drivers
v0x5e383f3a7c50_0 .net *"_ivl_2", 0 0, L_0x5e383f3a9a40;  1 drivers
v0x5e383f3a7d80_0 .net *"_ivl_20", 0 0, L_0x5e383f3aa0e0;  1 drivers
v0x5e383f3a7e60_0 .net *"_ivl_24", 0 0, L_0x5e383f3aa230;  1 drivers
v0x5e383f3a7f40_0 .net *"_ivl_26", 0 0, L_0x5e383f3aa340;  1 drivers
v0x5e383f3a8020_0 .net *"_ivl_4", 0 0, L_0x5e383f3a9ab0;  1 drivers
v0x5e383f3a8100_0 .net *"_ivl_8", 0 0, L_0x5e383f3a9cb0;  1 drivers
v0x5e383f3a81e0_0 .net "a", 0 0, v0x5e383f3a8d60_0;  alias, 1 drivers
v0x5e383f3a82a0_0 .net "b", 0 0, v0x5e383f3a8e00_0;  alias, 1 drivers
v0x5e383f3a8360_0 .net "c", 0 0, v0x5e383f3a8ea0_0;  alias, 1 drivers
v0x5e383f3a8420_0 .net "d", 0 0, v0x5e383f3a8f70_0;  alias, 1 drivers
v0x5e383f3a84e0_0 .net "e", 0 0, L_0x5e383f3aa1c0;  alias, 1 drivers
v0x5e383f3a85a0_0 .net "p", 0 0, L_0x5e383f3a9bc0;  1 drivers
v0x5e383f3a8660_0 .net "q", 0 0, L_0x5e383f3a9dd0;  1 drivers
v0x5e383f3a8720_0 .net "r", 0 0, L_0x5e383f3a9fc0;  1 drivers
v0x5e383f3a87e0_0 .net "s", 0 0, L_0x5e383f3aa150;  1 drivers
v0x5e383f3a88a0_0 .net "s1", 0 0, v0x5e383f3a9130_0;  alias, 1 drivers
v0x5e383f3a8960_0 .net "s2", 0 0, v0x5e383f3a9200_0;  alias, 1 drivers
S_0x5e383f3a8b00 .scope module, "tb" "tb_mux1b4to1" 2 32, 2 14 0, S_0x5e383f3915a0;
 .timescale 0 0;
    .port_info 0 /OUTPUT 1 "a";
    .port_info 1 /OUTPUT 1 "b";
    .port_info 2 /OUTPUT 1 "c";
    .port_info 3 /OUTPUT 1 "d";
    .port_info 4 /OUTPUT 1 "s1";
    .port_info 5 /OUTPUT 1 "s2";
    .port_info 6 /INPUT 1 "e";
v0x5e383f3a8d60_0 .var "a", 0 0;
v0x5e383f3a8e00_0 .var "b", 0 0;
v0x5e383f3a8ea0_0 .var "c", 0 0;
v0x5e383f3a8f70_0 .var "d", 0 0;
v0x5e383f3a9040_0 .net "e", 0 0, L_0x5e383f3aa1c0;  alias, 1 drivers
v0x5e383f3a9130_0 .var "s1", 0 0;
v0x5e383f3a9200_0 .var "s2", 0 0;
    .scope S_0x5e383f3a8b00;
T_0 ;
    %vpi_call 2 20 "$monitor", $time, " ", " ", "a=%b b=%b c=%b d=%b s1=%b s2=%b e=%b", v0x5e383f3a8d60_0, v0x5e383f3a8e00_0, v0x5e383f3a8ea0_0, v0x5e383f3a8f70_0, v0x5e383f3a9130_0, v0x5e383f3a9200_0, v0x5e383f3a9040_0 {0 0 0};
    %pushi/vec4 0, 0, 1;
    %store/vec4 v0x5e383f3a8d60_0, 0, 1;
    %pushi/vec4 1, 0, 1;
    %store/vec4 v0x5e383f3a8e00_0, 0, 1;
    %pushi/vec4 0, 0, 1;
    %store/vec4 v0x5e383f3a8ea0_0, 0, 1;
    %pushi/vec4 1, 0, 1;
    %store/vec4 v0x5e383f3a8f70_0, 0, 1;
    %pushi/vec4 0, 0, 1;
    %store/vec4 v0x5e383f3a9130_0, 0, 1;
    %pushi/vec4 0, 0, 1;
    %store/vec4 v0x5e383f3a9200_0, 0, 1;
    %delay 5, 0;
    %pushi/vec4 0, 0, 1;
    %store/vec4 v0x5e383f3a9130_0, 0, 1;
    %pushi/vec4 1, 0, 1;
    %store/vec4 v0x5e383f3a9200_0, 0, 1;
    %delay 5, 0;
    %pushi/vec4 1, 0, 1;
    %store/vec4 v0x5e383f3a9130_0, 0, 1;
    %pushi/vec4 0, 0, 1;
    %store/vec4 v0x5e383f3a9200_0, 0, 1;
    %delay 5, 0;
    %pushi/vec4 1, 0, 1;
    %store/vec4 v0x5e383f3a9130_0, 0, 1;
    %pushi/vec4 1, 0, 1;
    %store/vec4 v0x5e383f3a9200_0, 0, 1;
    %delay 5, 0;
    %vpi_call 2 25 "$finish" {0 0 0};
    %end;
    .thread T_0;
# The file index is used to find the file name in the following table.
:file_names 3;
    "N/A";
    "<interactive>";
    "mux.v";
