#! /usr/bin/vvp
:ivl_version "11.0 (stable)";
:ivl_delay_selection "TYPICAL";
:vpi_time_precision + 0;
:vpi_module "/usr/lib/x86_64-linux-gnu/ivl/system.vpi";
:vpi_module "/usr/lib/x86_64-linux-gnu/ivl/vhdl_sys.vpi";
:vpi_module "/usr/lib/x86_64-linux-gnu/ivl/vhdl_textio.vpi";
:vpi_module "/usr/lib/x86_64-linux-gnu/ivl/v2005_math.vpi";
:vpi_module "/usr/lib/x86_64-linux-gnu/ivl/va_math.vpi";
S_0x64cd99b83de0 .scope module, "wb" "wb" 2 30;
 .timescale 0 0;
v0x64cd99b98530_0 .net "a", 0 0, v0x64cd99b98030_0;  1 drivers
v0x64cd99b98640_0 .net "b", 0 0, v0x64cd99b980d0_0;  1 drivers
v0x64cd99b98750_0 .net "c", 0 0, v0x64cd99b981a0_0;  1 drivers
v0x64cd99b98840_0 .net "d", 0 0, v0x64cd99b982a0_0;  1 drivers
v0x64cd99b98930_0 .net "e", 0 0, v0x64cd99b97ae0_0;  1 drivers
v0x64cd99b98a70_0 .net "s", 1 0, v0x64cd99b98460_0;  1 drivers
S_0x64cd99b83f70 .scope module, "dut" "mux1b4to1" 2 41, 2 1 0, S_0x64cd99b83de0;
 .timescale 0 0;
    .port_info 0 /INPUT 1 "a";
    .port_info 1 /INPUT 1 "b";
    .port_info 2 /INPUT 1 "c";
    .port_info 3 /INPUT 1 "d";
    .port_info 4 /INPUT 2 "s";
    .port_info 5 /OUTPUT 1 "e";
v0x64cd99b81560_0 .net "a", 0 0, v0x64cd99b98030_0;  alias, 1 drivers
v0x64cd99b978c0_0 .net "b", 0 0, v0x64cd99b980d0_0;  alias, 1 drivers
v0x64cd99b97980_0 .net "c", 0 0, v0x64cd99b981a0_0;  alias, 1 drivers
v0x64cd99b97a20_0 .net "d", 0 0, v0x64cd99b982a0_0;  alias, 1 drivers
v0x64cd99b97ae0_0 .var "e", 0 0;
v0x64cd99b97bf0_0 .net "s", 1 0, v0x64cd99b98460_0;  alias, 1 drivers
E_0x64cd99b7fe40/0 .event edge, v0x64cd99b97bf0_0, v0x64cd99b97a20_0, v0x64cd99b97980_0, v0x64cd99b978c0_0;
E_0x64cd99b7fe40/1 .event edge, v0x64cd99b81560_0;
E_0x64cd99b7fe40 .event/or E_0x64cd99b7fe40/0, E_0x64cd99b7fe40/1;
S_0x64cd99b97d90 .scope module, "tb" "tb_mux1b4to1" 2 42, 2 16 0, S_0x64cd99b83de0;
 .timescale 0 0;
    .port_info 0 /OUTPUT 1 "a";
    .port_info 1 /OUTPUT 1 "b";
    .port_info 2 /OUTPUT 1 "c";
    .port_info 3 /OUTPUT 1 "d";
    .port_info 4 /OUTPUT 2 "s";
    .port_info 5 /INPUT 1 "e";
v0x64cd99b98030_0 .var "a", 0 0;
v0x64cd99b980d0_0 .var "b", 0 0;
v0x64cd99b981a0_0 .var "c", 0 0;
v0x64cd99b982a0_0 .var "d", 0 0;
v0x64cd99b98370_0 .net "e", 0 0, v0x64cd99b97ae0_0;  alias, 1 drivers
v0x64cd99b98460_0 .var "s", 1 0;
    .scope S_0x64cd99b83f70;
T_0 ;
    %wait E_0x64cd99b7fe40;
    %load/vec4 v0x64cd99b97bf0_0;
    %dup/vec4;
    %pushi/vec4 0, 0, 2;
    %cmp/u;
    %jmp/1 T_0.0, 6;
    %dup/vec4;
    %pushi/vec4 1, 0, 2;
    %cmp/u;
    %jmp/1 T_0.1, 6;
    %dup/vec4;
    %pushi/vec4 2, 0, 2;
    %cmp/u;
    %jmp/1 T_0.2, 6;
    %dup/vec4;
    %pushi/vec4 3, 0, 2;
    %cmp/u;
    %jmp/1 T_0.3, 6;
    %jmp T_0.4;
T_0.0 ;
    %load/vec4 v0x64cd99b81560_0;
    %store/vec4 v0x64cd99b97ae0_0, 0, 1;
    %jmp T_0.4;
T_0.1 ;
    %load/vec4 v0x64cd99b978c0_0;
    %store/vec4 v0x64cd99b97ae0_0, 0, 1;
    %jmp T_0.4;
T_0.2 ;
    %load/vec4 v0x64cd99b97980_0;
    %store/vec4 v0x64cd99b97ae0_0, 0, 1;
    %jmp T_0.4;
T_0.3 ;
    %load/vec4 v0x64cd99b97a20_0;
    %store/vec4 v0x64cd99b97ae0_0, 0, 1;
    %jmp T_0.4;
T_0.4 ;
    %pop/vec4 1;
    %jmp T_0;
    .thread T_0, $push;
    .scope S_0x64cd99b97d90;
T_1 ;
    %pushi/vec4 20, 0, 6;
    %split/vec4 2;
    %store/vec4 v0x64cd99b98460_0, 0, 2;
    %split/vec4 1;
    %store/vec4 v0x64cd99b982a0_0, 0, 1;
    %split/vec4 1;
    %store/vec4 v0x64cd99b981a0_0, 0, 1;
    %split/vec4 1;
    %store/vec4 v0x64cd99b980d0_0, 0, 1;
    %store/vec4 v0x64cd99b98030_0, 0, 1;
    %delay 5, 0;
    %pushi/vec4 1, 0, 2;
    %store/vec4 v0x64cd99b98460_0, 0, 2;
    %delay 5, 0;
    %pushi/vec4 2, 0, 2;
    %store/vec4 v0x64cd99b98460_0, 0, 2;
    %delay 5, 0;
    %pushi/vec4 3, 0, 2;
    %store/vec4 v0x64cd99b98460_0, 0, 2;
    %delay 5, 0;
    %vpi_call 2 26 "$finish" {0 0 0};
    %end;
    .thread T_1;
    .scope S_0x64cd99b83de0;
T_2 ;
    %vpi_call 2 36 "$monitor", $time, " a=%b b=%b c=%b d=%b s=%b e=%b", v0x64cd99b98530_0, v0x64cd99b98640_0, v0x64cd99b98750_0, v0x64cd99b98840_0, v0x64cd99b98a70_0, v0x64cd99b98930_0 {0 0 0};
    %vpi_call 2 37 "$dumpfile", "mux2.vcd" {0 0 0};
    %vpi_call 2 38 "$dumpvars", 32'sb00000000000000000000000000000000, S_0x64cd99b83de0 {0 0 0};
    %end;
    .thread T_2;
# The file index is used to find the file name in the following table.
:file_names 3;
    "N/A";
    "<interactive>";
    "mux2.v";
